2001.11.02 11:00 B C:\mia_larsen\assets\themes\theme01-off.gif <-- home /projects/mia_larsen/assets/themes theme01-off.gif
2001.11.02 11:00 B C:\mia_larsen\assets\themes\theme01-on.gif <-- home /projects/mia_larsen/assets/themes theme01-on.gif
2001.11.02 11:00 B C:\mia_larsen\assets\themes\theme01-title.gif <-- home /projects/mia_larsen/assets/themes theme01-title.gif
2001.11.02 11:00 B C:\mia_larsen\assets\themes\theme02-off.gif <-- home /projects/mia_larsen/assets/themes theme02-off.gif
2001.11.02 11:00 B C:\mia_larsen\assets\themes\theme02-on.gif <-- home /projects/mia_larsen/assets/themes theme02-on.gif
2001.11.02 11:00 B C:\mia_larsen\assets\themes\theme02-title.gif <-- home /projects/mia_larsen/assets/themes theme02-title.gif
2001.11.02 11:00 B C:\mia_larsen\assets\themes\theme03-off.gif <-- home /projects/mia_larsen/assets/themes theme03-off.gif
2001.11.02 11:00 B C:\mia_larsen\assets\themes\theme03-on.gif <-- home /projects/mia_larsen/assets/themes theme03-on.gif
2001.11.02 11:00 B C:\mia_larsen\assets\themes\theme03-title.gif <-- home /projects/mia_larsen/assets/themes theme03-title.gif
2001.11.02 11:00 B C:\mia_larsen\assets\themes\theme04-off.gif <-- home /projects/mia_larsen/assets/themes theme04-off.gif
2001.11.02 11:00 B C:\mia_larsen\assets\themes\theme04-on.gif <-- home /projects/mia_larsen/assets/themes theme04-on.gif
2001.11.02 11:00 B C:\mia_larsen\assets\themes\theme04-title.gif <-- home /projects/mia_larsen/assets/themes theme04-title.gif
2001.11.02 11:00 B C:\mia_larsen\assets\themes\theme05-off.gif <-- home /projects/mia_larsen/assets/themes theme05-off.gif
2001.11.02 11:00 B C:\mia_larsen\assets\themes\theme05-on.gif <-- home /projects/mia_larsen/assets/themes theme05-on.gif
2001.11.02 11:00 B C:\mia_larsen\assets\themes\theme05-title.gif <-- home /projects/mia_larsen/assets/themes theme05-title.gif
2001.11.02 11:00 B C:\mia_larsen\assets\themes\theme06-off.gif <-- home /projects/mia_larsen/assets/themes theme06-off.gif
2001.11.02 11:00 B C:\mia_larsen\assets\themes\theme06-on.gif <-- home /projects/mia_larsen/assets/themes theme06-on.gif
2001.11.02 11:00 B C:\mia_larsen\assets\themes\theme06-title.gif <-- home /projects/mia_larsen/assets/themes theme06-title.gif
2001.11.02 11:00 B C:\mia_larsen\assets\themes\theme07-off.gif <-- home /projects/mia_larsen/assets/themes theme07-off.gif
2001.11.02 11:00 B C:\mia_larsen\assets\themes\theme07-on.gif <-- home /projects/mia_larsen/assets/themes theme07-on.gif
2001.11.02 11:00 B C:\mia_larsen\assets\themes\theme07-title.gif <-- home /projects/mia_larsen/assets/themes theme07-title.gif
2001.11.02 11:00 B C:\mia_larsen\assets\themes\theme08-off.gif <-- home /projects/mia_larsen/assets/themes theme08-off.gif
2001.11.02 11:00 B C:\mia_larsen\assets\themes\theme08-on.gif <-- home /projects/mia_larsen/assets/themes theme08-on.gif
2001.11.02 11:00 B C:\mia_larsen\assets\themes\theme08-title.gif <-- home /projects/mia_larsen/assets/themes theme08-title.gif
2001.11.02 11:00 B C:\mia_larsen\assets\themes\theme09-off.gif <-- home /projects/mia_larsen/assets/themes theme09-off.gif
2001.11.02 11:00 B C:\mia_larsen\assets\themes\theme09-on.gif <-- home /projects/mia_larsen/assets/themes theme09-on.gif
2001.11.02 11:00 B C:\mia_larsen\assets\themes\theme09-title.gif <-- home /projects/mia_larsen/assets/themes theme09-title.gif
2001.11.05 16:58 B C:\mia_larsen\assets\themes\theme01-off.gif --> inthereal.com /www/htdocs/mia_larsen/assets/themes theme01-off.gif
2001.11.05 16:58 B C:\mia_larsen\assets\themes\theme01-on.gif --> inthereal.com /www/htdocs/mia_larsen/assets/themes theme01-on.gif
2001.11.05 16:58 B C:\mia_larsen\assets\themes\theme01-title.gif --> inthereal.com /www/htdocs/mia_larsen/assets/themes theme01-title.gif
2001.11.05 16:58 B C:\mia_larsen\assets\themes\theme02-off.gif --> inthereal.com /www/htdocs/mia_larsen/assets/themes theme02-off.gif
2001.11.05 16:58 B C:\mia_larsen\assets\themes\theme02-on.gif --> inthereal.com /www/htdocs/mia_larsen/assets/themes theme02-on.gif
2001.11.05 16:58 B C:\mia_larsen\assets\themes\theme02-title.gif --> inthereal.com /www/htdocs/mia_larsen/assets/themes theme02-title.gif
2001.11.05 16:58 B C:\mia_larsen\assets\themes\theme03-off.gif --> inthereal.com /www/htdocs/mia_larsen/assets/themes theme03-off.gif
2001.11.05 16:58 B C:\mia_larsen\assets\themes\theme03-on.gif --> inthereal.com /www/htdocs/mia_larsen/assets/themes theme03-on.gif
2001.11.05 16:58 B C:\mia_larsen\assets\themes\theme03-title.gif --> inthereal.com /www/htdocs/mia_larsen/assets/themes theme03-title.gif
2001.11.05 16:58 B C:\mia_larsen\assets\themes\theme04-off.gif --> inthereal.com /www/htdocs/mia_larsen/assets/themes theme04-off.gif
2001.11.05 16:58 B C:\mia_larsen\assets\themes\theme04-on.gif --> inthereal.com /www/htdocs/mia_larsen/assets/themes theme04-on.gif
2001.11.05 16:58 B C:\mia_larsen\assets\themes\theme04-title.gif --> inthereal.com /www/htdocs/mia_larsen/assets/themes theme04-title.gif
2001.11.05 16:58 B C:\mia_larsen\assets\themes\theme05-off.gif --> inthereal.com /www/htdocs/mia_larsen/assets/themes theme05-off.gif
2001.11.05 16:58 B C:\mia_larsen\assets\themes\theme05-on.gif --> inthereal.com /www/htdocs/mia_larsen/assets/themes theme05-on.gif
2001.11.05 16:58 B C:\mia_larsen\assets\themes\theme05-title.gif --> inthereal.com /www/htdocs/mia_larsen/assets/themes theme05-title.gif
2001.11.05 16:58 B C:\mia_larsen\assets\themes\theme06-off.gif --> inthereal.com /www/htdocs/mia_larsen/assets/themes theme06-off.gif
2001.11.05 16:58 B C:\mia_larsen\assets\themes\theme06-on.gif --> inthereal.com /www/htdocs/mia_larsen/assets/themes theme06-on.gif
2001.11.05 16:58 B C:\mia_larsen\assets\themes\theme06-title.gif --> inthereal.com /www/htdocs/mia_larsen/assets/themes theme06-title.gif
2001.11.05 16:58 B C:\mia_larsen\assets\themes\theme07-off.gif --> inthereal.com /www/htdocs/mia_larsen/assets/themes theme07-off.gif
2001.11.05 16:58 B C:\mia_larsen\assets\themes\theme07-on.gif --> inthereal.com /www/htdocs/mia_larsen/assets/themes theme07-on.gif
2001.11.05 16:58 B C:\mia_larsen\assets\themes\theme07-title.gif --> inthereal.com /www/htdocs/mia_larsen/assets/themes theme07-title.gif
2001.11.05 16:58 B C:\mia_larsen\assets\themes\theme08-off.gif --> inthereal.com /www/htdocs/mia_larsen/assets/themes theme08-off.gif
2001.11.05 16:58 B C:\mia_larsen\assets\themes\theme08-on.gif --> inthereal.com /www/htdocs/mia_larsen/assets/themes theme08-on.gif
2001.11.05 16:58 B C:\mia_larsen\assets\themes\theme08-title.gif --> inthereal.com /www/htdocs/mia_larsen/assets/themes theme08-title.gif
2001.11.05 16:58 B C:\mia_larsen\assets\themes\theme09-off.gif --> inthereal.com /www/htdocs/mia_larsen/assets/themes theme09-off.gif
2001.11.05 16:58 B C:\mia_larsen\assets\themes\theme09-on.gif --> inthereal.com /www/htdocs/mia_larsen/assets/themes theme09-on.gif
2001.11.05 16:58 B C:\mia_larsen\assets\themes\theme09-title.gif --> inthereal.com /www/htdocs/mia_larsen/assets/themes theme09-title.gif
