2001.11.02 10:59 B C:\mia_larsen\assets\decades\1950s-off.gif <-- home /projects/mia_larsen/assets/decades 1950s-off.gif
2001.11.02 10:59 B C:\mia_larsen\assets\decades\1950s-on.gif <-- home /projects/mia_larsen/assets/decades 1950s-on.gif
2001.11.02 10:59 B C:\mia_larsen\assets\decades\1950s-title.gif <-- home /projects/mia_larsen/assets/decades 1950s-title.gif
2001.11.02 10:59 B C:\mia_larsen\assets\decades\1960s-off.gif <-- home /projects/mia_larsen/assets/decades 1960s-off.gif
2001.11.02 10:59 B C:\mia_larsen\assets\decades\1960s-on.gif <-- home /projects/mia_larsen/assets/decades 1960s-on.gif
2001.11.02 10:59 B C:\mia_larsen\assets\decades\1960s-title.gif <-- home /projects/mia_larsen/assets/decades 1960s-title.gif
2001.11.02 10:59 B C:\mia_larsen\assets\decades\1970s-off.gif <-- home /projects/mia_larsen/assets/decades 1970s-off.gif
2001.11.02 10:59 B C:\mia_larsen\assets\decades\1970s-on.gif <-- home /projects/mia_larsen/assets/decades 1970s-on.gif
2001.11.02 10:59 B C:\mia_larsen\assets\decades\1970s-title.gif <-- home /projects/mia_larsen/assets/decades 1970s-title.gif
2001.11.02 10:59 B C:\mia_larsen\assets\decades\1980s-off.gif <-- home /projects/mia_larsen/assets/decades 1980s-off.gif
2001.11.02 10:59 B C:\mia_larsen\assets\decades\1980s-on.gif <-- home /projects/mia_larsen/assets/decades 1980s-on.gif
2001.11.02 10:59 B C:\mia_larsen\assets\decades\1980s-title.gif <-- home /projects/mia_larsen/assets/decades 1980s-title.gif
2001.11.02 10:59 B C:\mia_larsen\assets\decades\1990s-off.gif <-- home /projects/mia_larsen/assets/decades 1990s-off.gif
2001.11.02 10:59 B C:\mia_larsen\assets\decades\1990s-on.gif <-- home /projects/mia_larsen/assets/decades 1990s-on.gif
2001.11.02 10:59 B C:\mia_larsen\assets\decades\1990s-title.gif <-- home /projects/mia_larsen/assets/decades 1990s-title.gif
2001.11.02 10:59 B C:\mia_larsen\assets\decades\2000s-off.gif <-- home /projects/mia_larsen/assets/decades 2000s-off.gif
2001.11.02 10:59 B C:\mia_larsen\assets\decades\2000s-on.gif <-- home /projects/mia_larsen/assets/decades 2000s-on.gif
2001.11.02 10:59 B C:\mia_larsen\assets\decades\2000s-title.gif <-- home /projects/mia_larsen/assets/decades 2000s-title.gif
2001.11.05 16:58 B C:\mia_larsen\assets\decades\1950s-off.gif --> inthereal.com /www/htdocs/mia_larsen/assets/decades 1950s-off.gif
2001.11.05 16:58 B C:\mia_larsen\assets\decades\1950s-on.gif --> inthereal.com /www/htdocs/mia_larsen/assets/decades 1950s-on.gif
2001.11.05 16:58 B C:\mia_larsen\assets\decades\1950s-title.gif --> inthereal.com /www/htdocs/mia_larsen/assets/decades 1950s-title.gif
2001.11.05 16:58 B C:\mia_larsen\assets\decades\1960s-off.gif --> inthereal.com /www/htdocs/mia_larsen/assets/decades 1960s-off.gif
2001.11.05 16:58 B C:\mia_larsen\assets\decades\1960s-on.gif --> inthereal.com /www/htdocs/mia_larsen/assets/decades 1960s-on.gif
2001.11.05 16:58 B C:\mia_larsen\assets\decades\1960s-title.gif --> inthereal.com /www/htdocs/mia_larsen/assets/decades 1960s-title.gif
2001.11.05 16:58 B C:\mia_larsen\assets\decades\1970s-off.gif --> inthereal.com /www/htdocs/mia_larsen/assets/decades 1970s-off.gif
2001.11.05 16:58 B C:\mia_larsen\assets\decades\1970s-on.gif --> inthereal.com /www/htdocs/mia_larsen/assets/decades 1970s-on.gif
2001.11.05 16:58 B C:\mia_larsen\assets\decades\1970s-title.gif --> inthereal.com /www/htdocs/mia_larsen/assets/decades 1970s-title.gif
2001.11.05 16:58 B C:\mia_larsen\assets\decades\1980s-off.gif --> inthereal.com /www/htdocs/mia_larsen/assets/decades 1980s-off.gif
2001.11.05 16:58 B C:\mia_larsen\assets\decades\1980s-on.gif --> inthereal.com /www/htdocs/mia_larsen/assets/decades 1980s-on.gif
2001.11.05 16:58 B C:\mia_larsen\assets\decades\1980s-title.gif --> inthereal.com /www/htdocs/mia_larsen/assets/decades 1980s-title.gif
2001.11.05 16:58 B C:\mia_larsen\assets\decades\1990s-off.gif --> inthereal.com /www/htdocs/mia_larsen/assets/decades 1990s-off.gif
2001.11.05 16:58 B C:\mia_larsen\assets\decades\1990s-on.gif --> inthereal.com /www/htdocs/mia_larsen/assets/decades 1990s-on.gif
2001.11.05 16:58 B C:\mia_larsen\assets\decades\1990s-title.gif --> inthereal.com /www/htdocs/mia_larsen/assets/decades 1990s-title.gif
2001.11.05 16:58 B C:\mia_larsen\assets\decades\2000s-off.gif --> inthereal.com /www/htdocs/mia_larsen/assets/decades 2000s-off.gif
2001.11.05 16:58 B C:\mia_larsen\assets\decades\2000s-on.gif --> inthereal.com /www/htdocs/mia_larsen/assets/decades 2000s-on.gif
2001.11.05 16:58 B C:\mia_larsen\assets\decades\2000s-title.gif --> inthereal.com /www/htdocs/mia_larsen/assets/decades 2000s-title.gif
